<?xml version="1.0" encoding="UTF-8"?>
<testsuites>
  <testsuite name="search watches page" timestamp="2021-04-15T10:25:38" time="10.815" tests="4" failures="0" errors="0" skipped="0">
    <properties>
      <property name="specId" value="0"/>
      <property name="suiteName" value="search watches page"/>
      <property name="capabilities" value="chrome.89_0_4389_90.xp"/>
      <property name="file" value=".\test\specs\eBayWatchesSearch.js"/>
    </properties>
    <testcase classname="chrome.89_0_4389_90.xp.search watches page" name="Should show watch banner" time="0.608">
      <system-out><![CDATA[
COMMAND: POST /session/be546911f48ceacf1ca76df037497cb8d7bcb13b/element - {"using":"css selector","value":"section.b-module.b-promobanner.clearfix._FCF2BD5C1B05.d1img70"}
RESULT: {"using":"css selector","value":"section.b-module.b-promobanner.clearfix._FCF2BD5C1B05.d1img70"}
COMMAND: GET /session/be546911f48ceacf1ca76df037497cb8d7bcb13b/element/3/displayed - {}
RESULT: {}
]]></system-out>
    </testcase>
    <testcase classname="chrome.89_0_4389_90.xp.search watches page" name="verifying banner title" time="0.336">
      <system-out><![CDATA[
COMMAND: POST /session/be546911f48ceacf1ca76df037497cb8d7bcb13b/element - {"using":"css selector","value":"._FCF2BD5C1B05 .b-promobanner__info-title"}
RESULT: {"using":"css selector","value":"._FCF2BD5C1B05 .b-promobanner__info-title"}
COMMAND: GET /session/be546911f48ceacf1ca76df037497cb8d7bcb13b/element/4/text - {}
RESULT: {}
]]></system-out>
    </testcase>
    <testcase classname="chrome.89_0_4389_90.xp.search watches page" name="link should be present on banner and it should be clickable" time="0.524">
      <system-out><![CDATA[
COMMAND: POST /session/be546911f48ceacf1ca76df037497cb8d7bcb13b/element - {"using":"css selector","value":"._FCF2BD5C1B05 .b-promobanner__info-btn"}
RESULT: {"using":"css selector","value":"._FCF2BD5C1B05 .b-promobanner__info-btn"}
COMMAND: GET /session/be546911f48ceacf1ca76df037497cb8d7bcb13b/element/5/attribute/href - {}
RESULT: {}
COMMAND: POST /session/be546911f48ceacf1ca76df037497cb8d7bcb13b/element - {"using":"css selector","value":"._FCF2BD5C1B05 .b-promobanner__info-btn"}
RESULT: {"using":"css selector","value":"._FCF2BD5C1B05 .b-promobanner__info-btn"}
COMMAND: GET /session/be546911f48ceacf1ca76df037497cb8d7bcb13b/element/5/displayed - {}
RESULT: {}
COMMAND: POST /session/be546911f48ceacf1ca76df037497cb8d7bcb13b/execute - {"script":"return (function isElementClickable(elem) {\n    if (!elem.getBoundingClientRect || !elem.scrollIntoView || !elem.contains || !elem.getClientRects || !document.elementFromPoint) {\n        return false; ... (5149 more bytes)","args":[{"element-6066-11e4-a52e-4f735466cecf":"5","ELEMENT":"5"}]}
RESULT: {"script":"return (function isElementClickable(elem) {\n    if (!elem.getBoundingClientRect || !elem.scrollIntoView || !elem.contains || !elem.getClientRects || !document.elementFromPoint) {\n        return false; ... (5149 more bytes)","args":[{"element-6066-11e4-a52e-4f735466cecf":"5","ELEMENT":"5"}]}
]]></system-out>
    </testcase>
    <testcase classname="chrome.89_0_4389_90.xp.search watches page" name="click on shopbutton and verify url" time="2.093">
      <system-out><![CDATA[
COMMAND: POST /session/be546911f48ceacf1ca76df037497cb8d7bcb13b/element - {"using":"css selector","value":"._FCF2BD5C1B05 .b-promobanner__info-btn"}
RESULT: {"using":"css selector","value":"._FCF2BD5C1B05 .b-promobanner__info-btn"}
COMMAND: POST /session/be546911f48ceacf1ca76df037497cb8d7bcb13b/element/5/click - {}
RESULT: {}
COMMAND: GET /session/be546911f48ceacf1ca76df037497cb8d7bcb13b/url - {}
RESULT: {}
COMMAND: DELETE /session/be546911f48ceacf1ca76df037497cb8d7bcb13b - {}
RESULT: {}
]]></system-out>
    </testcase>
  </testsuite>
</testsuites>